#
# There is insufficient memory for the Java Runtime Environment to continue.
# Native memory allocation (mmap) failed to map 266338304 bytes. Error detail: G1 virtual space
# Possible reasons:
#   The system is out of physical RAM or swap space
#   This process is running with CompressedOops enabled, and the Java Heap may be blocking the growth of the native heap
# Possible solutions:
#   Reduce memory load on the system
#   Increase physical memory or swap space
#   Check if swap backing store is full
#   Decrease Java heap size (-Xmx/-Xms)
#   Decrease number of Java threads
#   Decrease Java thread stack sizes (-Xss)
#   Set larger code cache with -XX:ReservedCodeCacheSize=
#   JVM is running with Zero Based Compressed Oops mode in which the Java heap is
#     placed in the first 32GB address space. The Java Heap base address is the
#     maximum limit for the native heap growth. Please use -XX:HeapBaseMinAddress
#     to set the Java Heap base and to place the Java Heap above 32GB virtual address.
# This output file may be truncated or incomplete.
#
#  Out of Memory Error (os_windows.cpp:3815), pid=14544, tid=7332
#
# JRE version:  (21.0.3) (build )
# Java VM: OpenJDK 64-Bit Server VM (21.0.3+-12282718-b509.11, mixed mode, sharing, tiered, compressed oops, compressed class ptrs, g1 gc, windows-amd64)
# No core dump will be written. Minidumps are not enabled by default on client versions of Windows
#

---------------  S U M M A R Y ------------

Command Line: org.jetbrains.kotlin.cli.jvm.K2JVMCompiler @C:\Users\ASUS GAMING\AndroidStudioProjects\LoginIO\app\build\20250101_15648852680547750613.compiler.options

Host: Intel(R) Core(TM) i5-8300H CPU @ 2.30GHz, 8 cores, 15G,  Windows 11 , 64 bit Build 22621 (10.0.22621.3527)
Time: Wed Jan  1 20:21:20 2025  Windows 11 , 64 bit Build 22621 (10.0.22621.3527) elapsed time: 0.010745 seconds (0d 0h 0m 0s)

---------------  T H R E A D  ---------------

Current thread (0x000002661912ed60):  JavaThread "Unknown thread" [_thread_in_vm, id=7332, stack(0x0000007d63300000,0x0000007d63400000) (1024K)]

Stack: [0x0000007d63300000,0x0000007d63400000]
Native frames: (J=compiled Java code, j=interpreted, Vv=VM code, C=native code)
V  [jvm.dll+0x6cafb9]
V  [jvm.dll+0x858523]
V  [jvm.dll+0x85aa7e]
V  [jvm.dll+0x85b163]
V  [jvm.dll+0x27d356]
V  [jvm.dll+0x6c7865]
V  [jvm.dll+0x6bbd3a]
V  [jvm.dll+0x35199b]
V  [jvm.dll+0x3595d6]
V  [jvm.dll+0x3aa826]
V  [jvm.dll+0x3aaaf8]
V  [jvm.dll+0x3240bc]
V  [jvm.dll+0x324dab]
V  [jvm.dll+0x81fd89]
V  [jvm.dll+0x3b7c08]
V  [jvm.dll+0x80921d]
V  [jvm.dll+0x44c05e]
V  [jvm.dll+0x44d6b1]
C  [jli.dll+0x52ab]
C  [ucrtbase.dll+0x29333]
C  [KERNEL32.DLL+0x1257d]
C  [ntdll.dll+0x5aa48]


---------------  P R O C E S S  ---------------

Threads class SMR info:
_java_thread_list=0x00007fff79ca57c8, length=0, elements={
}

Java Threads: ( => current thread )
Total: 0

Other Threads:
  0x00000266192de1b0 WorkerThread "GC Thread#0"                     [id=1104, stack(0x0000007d63800000,0x0000007d63900000) (1024K)]
  0x00000266192ef0c0 ConcurrentGCThread "G1 Main Marker"            [id=11788, stack(0x0000007d63900000,0x0000007d63a00000) (1024K)]
  0x00000266192efbc0 WorkerThread "G1 Conc#0"                       [id=1276, stack(0x0000007d63a00000,0x0000007d63b00000) (1024K)]

[error occurred during error reporting (printing all threads), id 0xc0000005, EXCEPTION_ACCESS_VIOLATION (0xc0000005) at pc=0x00007fff794a7197]
VM state: not at safepoint (not fully initialized)

VM Mutex/Monitor currently owned by a thread:  ([mutex/lock_event])
[0x00007fff79d121c8] Heap_lock - owner thread: 0x000002661912ed60

Heap address: 0x0000000702400000, size: 4060 MB, Compressed Oops mode: Zero based, Oop shift amount: 3

CDS archive(s) mapped at: [0x0000000000000000-0x0000000000000000-0x0000000000000000), size 0, SharedBaseAddress: 0x0000000800000000, ArchiveRelocationMode: 1.
Narrow klass base: 0x0000000000000000, Narrow klass shift: 0, Narrow klass range: 0x0

GC Precious Log:
 CardTable entry size: 512
 Card Set container configuration: InlinePtr #cards 4 size 8 Array Of Cards #cards 16 size 48 Howl #buckets 8 coarsen threshold 3686 Howl Bitmap #cards 512 size 80 coarsen threshold 460 Card regions per heap region 1 cards per card region 4096

Heap:
 garbage-first heap   total 0K, used 0K [0x0000000702400000, 0x0000000800000000)
  region size 2048K, 0 young (0K), 0 survivors (0K)
 Metaspace       used 0K, committed 0K, reserved 0K
  class space    used 0K, committed 0K, reserved 0K

Heap Regions: E=young(eden), S=young(survivor), O=old, HS=humongous(starts), HC=humongous(continues), CS=collection set, F=free, TAMS=top-at-mark-start, PB=parsable bottom

Card table byte_map: [0x000002662e120000,0x000002662e910000] _byte_map_base: 0x000002662a90e000

Marking Bits: (CMBitMap*) 0x00000266192de8b0
 Bits: [0x000002662e910000, 0x0000026632880000)

GC Heap History (0 events):
No events

Dll operation events (1 events):
Event: 0.007 Loaded shared library C:\Program Files\Android\Android Studio\jbr\bin\java.dll

Deoptimization events (0 events):
No events

Classes loaded (0 events):
No events

Classes unloaded (0 events):
No events

Classes redefined (0 events):
No events

Internal exceptions (0 events):
No events

ZGC Phase Switch (0 events):
No events

VM Operations (0 events):
No events

Events (0 events):
No events


Dynamic libraries:
0x00007ff7554c0000 - 0x00007ff7554ca000 	C:\Program Files\Android\Android Studio\jbr\bin\java.exe
0x00007fffbacf0000 - 0x00007fffbaf07000 	C:\Windows\SYSTEM32\ntdll.dll
0x00007fffb8de0000 - 0x00007fffb8ea4000 	C:\Windows\System32\KERNEL32.DLL
0x00007fffb8010000 - 0x00007fffb83b7000 	C:\Windows\System32\KERNELBASE.dll
0x00007fffb8510000 - 0x00007fffb8621000 	C:\Windows\System32\ucrtbase.dll
0x00007fffab580000 - 0x00007fffab598000 	C:\Program Files\Android\Android Studio\jbr\bin\jli.dll
0x00007fffb1ed0000 - 0x00007fffb1eeb000 	C:\Program Files\Android\Android Studio\jbr\bin\VCRUNTIME140.dll
0x00007fffb8b40000 - 0x00007fffb8cee000 	C:\Windows\System32\USER32.dll
0x00007fffa0530000 - 0x00007fffa07c3000 	C:\Windows\WinSxS\amd64_microsoft.windows.common-controls_6595b64144ccf1df_6.0.22621.3527_none_270e469b73872a76\COMCTL32.dll
0x00007fffb89f0000 - 0x00007fffb8a16000 	C:\Windows\System32\win32u.dll
0x00007fffba9f0000 - 0x00007fffbaa97000 	C:\Windows\System32\msvcrt.dll
0x00007fffba030000 - 0x00007fffba059000 	C:\Windows\System32\GDI32.dll
0x00007fffb83f0000 - 0x00007fffb8509000 	C:\Windows\System32\gdi32full.dll
0x00007fffb8760000 - 0x00007fffb87fa000 	C:\Windows\System32\msvcp_win.dll
0x00007fffb8da0000 - 0x00007fffb8dd1000 	C:\Windows\System32\IMM32.DLL
0x00007fffb8ae0000 - 0x00007fffb8b3e000 	C:\Windows\System32\SHLWAPI.dll
0x00007fff9ccc0000 - 0x00007fff9cd10000 	C:\Windows\SYSTEM32\pdh.dll
0x00007fffbaaa0000 - 0x00007fffbabb5000 	C:\Windows\System32\RPCRT4.dll
0x00007fffb8a20000 - 0x00007fffb8ad2000 	C:\Windows\System32\advapi32.dll
0x00007fffb9160000 - 0x00007fffb9208000 	C:\Windows\System32\sechost.dll
0x00007fffb83c0000 - 0x00007fffb83e8000 	C:\Windows\System32\bcrypt.dll
0x00007fffb5290000 - 0x00007fffb529c000 	C:\Program Files\Android\Android Studio\jbr\bin\vcruntime140_1.dll
0x00007fffab4f0000 - 0x00007fffab57d000 	C:\Program Files\Android\Android Studio\jbr\bin\msvcp140.dll
0x00007fff79170000 - 0x00007fff79ded000 	C:\Program Files\Android\Android Studio\jbr\bin\server\jvm.dll
0x00007fffba8f0000 - 0x00007fffba961000 	C:\Windows\System32\WS2_32.dll
0x00007fffb7880000 - 0x00007fffb78cd000 	C:\Windows\SYSTEM32\POWRPROF.dll
0x00007fffb12c0000 - 0x00007fffb12f4000 	C:\Windows\SYSTEM32\WINMM.dll
0x00007fffb11f0000 - 0x00007fffb11fa000 	C:\Windows\SYSTEM32\VERSION.dll
0x00007fffb7820000 - 0x00007fffb7833000 	C:\Windows\SYSTEM32\UMPDC.dll
0x00007fffb6ff0000 - 0x00007fffb7008000 	C:\Windows\SYSTEM32\kernel.appcore.dll
0x00007fffb5200000 - 0x00007fffb520a000 	C:\Program Files\Android\Android Studio\jbr\bin\jimage.dll
0x00007fffb2d00000 - 0x00007fffb2f32000 	C:\Windows\SYSTEM32\DBGHELP.DLL
0x00007fffb9b00000 - 0x00007fffb9e88000 	C:\Windows\System32\combase.dll
0x00007fffb9080000 - 0x00007fffb9157000 	C:\Windows\System32\OLEAUT32.dll
0x00007fffb1e90000 - 0x00007fffb1ec2000 	C:\Windows\SYSTEM32\dbgcore.DLL
0x00007fffb8970000 - 0x00007fffb89e9000 	C:\Windows\System32\bcryptPrimitives.dll
0x00007fffb1e70000 - 0x00007fffb1e8f000 	C:\Program Files\Android\Android Studio\jbr\bin\java.dll

dbghelp: loaded successfully - version: 4.0.5 - missing functions: none
symbol engine: initialized successfully - sym options: 0x614 - pdb path: .;C:\Program Files\Android\Android Studio\jbr\bin;C:\Windows\SYSTEM32;C:\Windows\WinSxS\amd64_microsoft.windows.common-controls_6595b64144ccf1df_6.0.22621.3527_none_270e469b73872a76;C:\Program Files\Android\Android Studio\jbr\bin\server

VM Arguments:
java_command: org.jetbrains.kotlin.cli.jvm.K2JVMCompiler @C:\Users\ASUS GAMING\AndroidStudioProjects\LoginIO\app\build\20250101_15648852680547750613.compiler.options
java_class_path (initial): C:\Users\ASUS GAMING\.gradle\caches\modules-2\files-2.1\org.jetbrains.kotlin\kotlin-compiler-embeddable\2.0.0\1de310de3446414381282ffc46c3ed3919a4d1da\kotlin-compiler-embeddable-2.0.0.jar;C:\Users\ASUS GAMING\.gradle\caches\modules-2\files-2.1\org.jetbrains.kotlin\kotlin-stdlib\2.0.0\b48df2c4aede9586cc931ead433bc02d6fd7879e\kotlin-stdlib-2.0.0.jar;C:\Users\ASUS GAMING\.gradle\caches\modules-2\files-2.1\org.jetbrains.kotlin\kotlin-script-runtime\2.0.0\fdc27dd047d592fa41d2dfa21e7621287a361612\kotlin-script-runtime-2.0.0.jar;C:\Users\ASUS GAMING\.gradle\caches\modules-2\files-2.1\org.jetbrains.kotlin\kotlin-reflect\1.6.10\1cbe9c92c12a94eea200d23c2bbaedaf3daf5132\kotlin-reflect-1.6.10.jar;C:\Users\ASUS GAMING\.gradle\caches\modules-2\files-2.1\org.jetbrains.kotlin\kotlin-daemon-embeddable\2.0.0\b39c612768614c4428c96ee9c65477181fffe9d\kotlin-daemon-embeddable-2.0.0.jar;C:\Users\ASUS GAMING\.gradle\caches\modules-2\files-2.1\org.jetbrains.intellij.deps\trove4j\1.0.20200330\3afb14d5f9ceb459d724e907a21145e8ff394f02\trove4j-1.0.20200330.jar;C:\Users\ASUS GAMING\.gradle\caches\modules-2\files-2.1\org.jetbrains\annotations\13.0\919f0dfe192fb4e063e7dacadee7f8bb9a2672a9\annotations-13.0.jar
Launcher Type: SUN_STANDARD

[Global flags]
     intx CICompilerCount                          = 4                                         {product} {ergonomic}
     uint ConcGCThreads                            = 2                                         {product} {ergonomic}
     uint G1ConcRefinementThreads                  = 8                                         {product} {ergonomic}
   size_t G1HeapRegionSize                         = 2097152                                   {product} {ergonomic}
    uintx GCDrainStackTargetSize                   = 64                                        {product} {ergonomic}
   size_t InitialHeapSize                          = 266338304                                 {product} {ergonomic}
   size_t MarkStackSize                            = 4194304                                   {product} {ergonomic}
   size_t MaxHeapSize                              = 4257218560                                {product} {ergonomic}
   size_t MinHeapDeltaBytes                        = 2097152                                   {product} {ergonomic}
   size_t MinHeapSize                              = 8388608                                   {product} {ergonomic}
    uintx NonNMethodCodeHeapSize                   = 5839372                                {pd product} {ergonomic}
    uintx NonProfiledCodeHeapSize                  = 122909434                              {pd product} {ergonomic}
    uintx ProfiledCodeHeapSize                     = 122909434                              {pd product} {ergonomic}
    uintx ReservedCodeCacheSize                    = 251658240                              {pd product} {ergonomic}
     bool SegmentedCodeCache                       = true                                      {product} {ergonomic}
   size_t SoftMaxHeapSize                          = 4257218560                             {manageable} {ergonomic}
     bool UseCompressedOops                        = true                           {product lp64_product} {ergonomic}
     bool UseG1GC                                  = true                                      {product} {ergonomic}
     bool UseLargePagesIndividualAllocation        = false                                  {pd product} {ergonomic}

Logging:
Log output configuration:
 #0: stdout all=warning uptime,level,tags foldmultilines=false
 #1: stderr all=off uptime,level,tags foldmultilines=false

Environment Variables:
PATH=C:\Windows\system32;C:\Windows;C:\Windows\System32\Wbem;C:\Windows\System32\WindowsPowerShell\v1.0\;C:\Program Files\NVIDIA Corporation\NVIDIA NvDLISR;C:\Program Files (x86)\NVIDIA Corporation\PhysX\Common;C:\Program Files\dotnet\;C:\Program Files\Git\cmd;C:\Users\ASUS GAMING\AppData\Local\Programs\Python\Launcher\;C:\Users\ASUS GAMING\AppData\Local\Microsoft\WindowsApps
USERNAME=ASUS GAMING
OS=Windows_NT
PROCESSOR_IDENTIFIER=Intel64 Family 6 Model 158 Stepping 10, GenuineIntel
TMP=C:\Users\ASUSGA~1\AppData\Local\Temp
TEMP=C:\Users\ASUSGA~1\AppData\Local\Temp




Periodic native trim disabled

JNI global refs:
JNI global refs: 0, weak refs: 0

JNI global refs memory usage: 0, weak refs: 0

Process memory usage:
Resident Set Size: 12740K (0% of 16625716K total physical memory with 473936K free physical memory)

OOME stack traces (most recent first):
Classloader memory used:

---------------  S Y S T E M  ---------------

OS:
 Windows 11 , 64 bit Build 22621 (10.0.22621.3527)
OS uptime: 3 days 23:42 hours
Hyper-V role detected

CPU: total 8 (initial active 8) (4 cores per cpu, 2 threads per core) family 6 model 158 stepping 10 microcode 0xde, cx8, cmov, fxsr, ht, mmx, 3dnowpref, sse, sse2, sse3, ssse3, sse4.1, sse4.2, popcnt, lzcnt, tsc, tscinvbit, avx, avx2, aes, erms, clmul, bmi1, bmi2, adx, fma, vzeroupper, clflush, clflushopt, hv, rdtscp, f16c
Processor Information for all 8 processors :
  Max Mhz: 2304, Current Mhz: 2304, Mhz Limit: 2304

Memory: 4k page, system-wide physical 16236M (462M free)
TotalPageFile size 38769M (AvailPageFile size 186M)
current process WorkingSet (physical memory assigned to process): 12M, peak: 12M
current process commit charge ("private bytes"): 60M, peak: 314M

vm_info: OpenJDK 64-Bit Server VM (21.0.3+-12282718-b509.11) for windows-amd64 JRE (21.0.3+-12282718-b509.11), built on 2024-08-27T17:34:15Z by "builder" with MS VC++ 16.10 / 16.11 (VS2019)

END.
